<?xml version="1.0" encoding="UTF-8"?>
<!-- Generated by org.testng.reporters.JUnitXMLReporter -->
<testsuite hostname="Anil" ignored="1" name="groups test" tests="2" failures="0" timestamp="2020-12-05T13:38:04 IST" time="19.919" errors="0">
  <testcase name="initialization" time="14.828" classname="org.cts.testngexamples.GroupsandMethods"/>
  <testcase name="users" time="5.029" classname="org.cts.testngexamples.GroupsandMethods"/>
  <testcase name="logout" time="0.0" classname="org.cts.testngexamples.GroupsandMethods">
    <ignored/>
  </testcase> <!-- logout -->
</testsuite> <!-- groups test -->
